{"total": {"lines":{"total":318,"covered":318,"skipped":0,"pct":100},"statements":{"total":340,"covered":340,"skipped":0,"pct":100},"functions":{"total":49,"covered":49,"skipped":0,"pct":100},"branches":{"total":233,"covered":187,"skipped":0,"pct":80.25},"branchesTrue":{"total":0,"covered":0,"skipped":0,"pct":100}}
,"/Users/myankelev/Code/random/cipher-box/apps/api/src/auth/auth.controller.ts": {"lines":{"total":32,"covered":32,"skipped":0,"pct":100},"functions":{"total":7,"covered":7,"skipped":0,"pct":100},"statements":{"total":34,"covered":34,"skipped":0,"pct":100},"branches":{"total":57,"covered":39,"skipped":0,"pct":68.42}}
,"/Users/myankelev/Code/random/cipher-box/apps/api/src/auth/auth.service.ts": {"lines":{"total":74,"covered":74,"skipped":0,"pct":100},"functions":{"total":9,"covered":9,"skipped":0,"pct":100},"statements":{"total":77,"covered":77,"skipped":0,"pct":100},"branches":{"total":39,"covered":33,"skipped":0,"pct":84.61}}
,"/Users/myankelev/Code/random/cipher-box/apps/api/src/auth/guards/jwt-auth.guard.ts": {"lines":{"total":3,"covered":3,"skipped":0,"pct":100},"functions":{"total":0,"covered":0,"skipped":0,"pct":100},"statements":{"total":5,"covered":5,"skipped":0,"pct":100},"branches":{"total":0,"covered":0,"skipped":0,"pct":100}}
,"/Users/myankelev/Code/random/cipher-box/apps/api/src/auth/services/token.service.ts": {"lines":{"total":37,"covered":37,"skipped":0,"pct":100},"functions":{"total":5,"covered":5,"skipped":0,"pct":100},"statements":{"total":39,"covered":39,"skipped":0,"pct":100},"branches":{"total":11,"covered":9,"skipped":0,"pct":81.81}}
,"/Users/myankelev/Code/random/cipher-box/apps/api/src/auth/services/web3auth-verifier.service.ts": {"lines":{"total":52,"covered":52,"skipped":0,"pct":100},"functions":{"total":6,"covered":6,"skipped":0,"pct":100},"statements":{"total":55,"covered":55,"skipped":0,"pct":100},"branches":{"total":34,"covered":33,"skipped":0,"pct":97.05}}
,"/Users/myankelev/Code/random/cipher-box/apps/api/src/auth/strategies/jwt.strategy.ts": {"lines":{"total":17,"covered":17,"skipped":0,"pct":100},"functions":{"total":2,"covered":2,"skipped":0,"pct":100},"statements":{"total":19,"covered":19,"skipped":0,"pct":100},"branches":{"total":10,"covered":8,"skipped":0,"pct":80}}
,"/Users/myankelev/Code/random/cipher-box/apps/api/src/ipfs/ipfs.controller.ts": {"lines":{"total":15,"covered":15,"skipped":0,"pct":100},"functions":{"total":3,"covered":3,"skipped":0,"pct":100},"statements":{"total":17,"covered":17,"skipped":0,"pct":100},"branches":{"total":21,"covered":14,"skipped":0,"pct":66.66}}
,"/Users/myankelev/Code/random/cipher-box/apps/api/src/ipfs/ipfs.service.ts": {"lines":{"total":40,"covered":40,"skipped":0,"pct":100},"functions":{"total":3,"covered":3,"skipped":0,"pct":100},"statements":{"total":42,"covered":42,"skipped":0,"pct":100},"branches":{"total":26,"covered":23,"skipped":0,"pct":88.46}}
,"/Users/myankelev/Code/random/cipher-box/apps/api/src/vault/vault.controller.ts": {"lines":{"total":17,"covered":17,"skipped":0,"pct":100},"functions":{"total":4,"covered":4,"skipped":0,"pct":100},"statements":{"total":19,"covered":19,"skipped":0,"pct":100},"branches":{"total":21,"covered":16,"skipped":0,"pct":76.19}}
,"/Users/myankelev/Code/random/cipher-box/apps/api/src/vault/vault.service.ts": {"lines":{"total":31,"covered":31,"skipped":0,"pct":100},"functions":{"total":10,"covered":10,"skipped":0,"pct":100},"statements":{"total":33,"covered":33,"skipped":0,"pct":100},"branches":{"total":14,"covered":12,"skipped":0,"pct":85.71}}
}
