TN:
SF:src/auth/auth.controller.ts
FN:44,(anonymous_4)
FN:55,(anonymous_5)
FN:80,(anonymous_6)
FN:111,(anonymous_7)
FN:131,(anonymous_8)
FN:147,(anonymous_9)
FN:166,(anonymous_10)
FNF:7
FNH:7
FNDA:18,(anonymous_4)
FNDA:4,(anonymous_5)
FNDA:6,(anonymous_6)
FNDA:3,(anonymous_7)
FNDA:2,(anonymous_8)
FNDA:2,(anonymous_9)
FNDA:2,(anonymous_10)
DA:1,1
DA:14,1
DA:15,1
DA:16,1
DA:17,1
DA:18,1
DA:19,1
DA:25,1
DA:33,1
DA:43,1
DA:44,18
DA:55,1
DA:59,4
DA:62,4
DA:65,4
DA:80,1
DA:84,6
DA:85,6
DA:86,3
DA:89,3
DA:92,3
DA:95,3
DA:111,1
DA:116,3
DA:118,3
DA:131,1
DA:132,2
DA:147,1
DA:151,2
DA:166,1
DA:170,2
DA:171,2
LF:32
LH:32
BRDA:85,0,0,3
BRDA:56,1,0,1
BRDA:56,1,1,0
BRDA:56,2,0,1
BRDA:56,2,1,1
BRDA:56,3,0,0
BRDA:56,3,1,1
BRDA:56,4,0,1
BRDA:56,4,1,0
BRDA:58,5,0,1
BRDA:58,5,1,0
BRDA:58,6,0,1
BRDA:58,6,1,1
BRDA:81,7,0,0
BRDA:81,7,1,1
BRDA:81,8,0,1
BRDA:81,8,1,0
BRDA:81,9,0,0
BRDA:81,9,1,1
BRDA:81,10,0,1
BRDA:81,10,1,0
BRDA:83,11,0,1
BRDA:83,11,1,0
BRDA:83,12,0,1
BRDA:83,12,1,1
BRDA:113,13,0,0
BRDA:113,13,1,1
BRDA:113,14,0,1
BRDA:113,14,1,0
BRDA:114,15,0,1
BRDA:114,15,1,0
BRDA:114,16,0,1
BRDA:114,16,1,1
BRDA:131,17,0,1
BRDA:131,17,1,0
BRDA:131,18,0,1
BRDA:131,18,1,1
BRDA:149,19,0,1
BRDA:149,19,1,0
BRDA:149,20,0,1
BRDA:149,20,1,1
BRDA:150,21,0,1
BRDA:150,21,1,0
BRDA:150,22,0,1
BRDA:150,22,1,1
BRDA:168,23,0,1
BRDA:168,23,1,0
BRDA:168,24,0,1
BRDA:168,24,1,1
BRDA:169,25,0,1
BRDA:169,25,1,0
BRDA:169,26,0,1
BRDA:169,26,1,1
BRDA:44,27,0,1
BRDA:44,27,1,0
BRDA:44,28,0,1
BRDA:44,28,1,1
BRF:57
BRH:39
end_of_record
TN:
SF:src/auth/auth.service.ts
FN:16,(anonymous_13)
FN:27,(anonymous_14)
FN:95,(anonymous_15)
FN:108,(anonymous_16)
FN:117,(anonymous_17)
FN:167,(anonymous_18)
FN:173,(anonymous_19)
FN:187,(anonymous_20)
FN:235,(anonymous_21)
FNF:9
FNH:9
FNDA:24,(anonymous_13)
FNDA:7,(anonymous_14)
FNDA:2,(anonymous_15)
FNDA:2,(anonymous_16)
FNDA:7,(anonymous_17)
FNDA:3,(anonymous_18)
FNDA:3,(anonymous_19)
FNDA:5,(anonymous_20)
FNDA:5,(anonymous_21)
DA:1,2
DA:2,2
DA:3,2
DA:4,2
DA:5,2
DA:6,2
DA:7,2
DA:8,2
DA:9,2
DA:15,2
DA:17,24
DA:18,24
DA:20,24
DA:22,24
DA:24,24
DA:31,7
DA:35,7
DA:42,6
DA:48,6
DA:50,6
DA:51,6
DA:52,2
DA:56,4
DA:58,1
DA:59,1
DA:63,6
DA:64,6
DA:66,6
DA:73,6
DA:74,3
DA:82,6
DA:83,6
DA:86,6
DA:88,6
DA:100,2
DA:102,2
DA:109,2
DA:110,2
DA:119,7
DA:127,7
DA:128,7
DA:130,5
DA:131,2
DA:133,3
DA:134,3
DA:135,2
DA:136,2
DA:140,1
DA:144,7
DA:145,5
DA:149,2
DA:150,2
DA:153,2
DA:158,2
DA:168,3
DA:173,3
DA:189,5
DA:190,5
DA:191,2
DA:196,3
DA:203,3
DA:204,3
DA:207,3
DA:215,3
DA:216,2
DA:220,1
DA:228,1
DA:237,5
DA:241,5
DA:242,2
DA:246,3
DA:251,3
DA:252,2
DA:256,1
LF:74
LH:74
BRDA:31,0,0,2
BRDA:31,0,1,5
BRDA:31,1,0,7
BRDA:31,1,1,2
BRDA:48,2,0,2
BRDA:48,2,1,4
BRDA:48,3,0,2
BRDA:48,3,1,0
BRDA:51,4,0,2
BRDA:51,4,1,4
BRDA:56,5,0,1
BRDA:73,6,0,3
BRDA:130,7,0,2
BRDA:134,8,0,2
BRDA:144,9,0,5
BRDA:190,10,0,2
BRDA:215,11,0,2
BRDA:241,12,0,2
BRDA:251,13,0,2
BRDA:17,14,0,2
BRDA:17,14,1,0
BRDA:17,15,0,2
BRDA:17,15,1,2
BRDA:17,16,0,2
BRDA:17,16,1,0
BRDA:17,17,0,2
BRDA:17,17,1,2
BRDA:18,18,0,2
BRDA:18,18,1,0
BRDA:18,19,0,2
BRDA:18,19,1,2
BRDA:20,20,0,2
BRDA:20,20,1,0
BRDA:20,21,0,2
BRDA:20,21,1,2
BRDA:22,22,0,2
BRDA:22,22,1,0
BRDA:22,23,0,2
BRDA:22,23,1,2
BRF:39
BRH:33
end_of_record
TN:
SF:src/auth/guards/jwt-auth.guard.ts
FNF:0
FNH:0
DA:1,3
DA:2,3
DA:5,3
LF:3
LH:3
BRF:0
BRH:0
end_of_record
TN:
SF:src/auth/services/token.service.ts
FN:18,(anonymous_13)
FN:24,(anonymous_14)
FN:46,(anonymous_15)
FN:92,(anonymous_16)
FN:96,(anonymous_17)
FNF:5
FNH:5
FNDA:13,(anonymous_13)
FNDA:8,(anonymous_14)
FNDA:9,(anonymous_15)
FNDA:1,(anonymous_16)
FNDA:1,(anonymous_17)
DA:1,3
DA:2,3
DA:3,3
DA:4,3
DA:5,3
DA:6,3
DA:7,3
DA:15,3
DA:16,13
DA:19,13
DA:21,13
DA:26,8
DA:29,8
DA:30,8
DA:33,8
DA:34,8
DA:37,8
DA:43,8
DA:52,9
DA:60,9
DA:61,9
DA:62,8
DA:63,8
DA:64,6
DA:65,6
DA:69,1
DA:73,9
DA:74,3
DA:77,6
DA:79,2
DA:80,2
DA:81,2
DA:85,4
DA:86,4
DA:89,4
DA:93,1
DA:97,1
LF:37
LH:37
BRDA:63,0,0,6
BRDA:73,1,0,3
BRDA:77,2,0,2
BRDA:19,3,0,3
BRDA:19,3,1,0
BRDA:19,4,0,3
BRDA:19,4,1,3
BRDA:19,5,0,3
BRDA:19,5,1,0
BRDA:19,6,0,3
BRDA:19,6,1,3
BRF:11
BRH:9
end_of_record
TN:
SF:src/auth/services/web3auth-verifier.service.ts
FN:30,(anonymous_10)
FN:38,(anonymous_11)
FN:60,(anonymous_12)
FN:69,(anonymous_13)
FN:81,(anonymous_14)
FN:100,(anonymous_15)
FNF:6
FNH:6
FNDA:13,(anonymous_10)
FNDA:13,(anonymous_11)
FNDA:5,(anonymous_12)
FNDA:6,(anonymous_13)
FNDA:7,(anonymous_14)
FNDA:12,(anonymous_15)
DA:1,3
DA:2,3
DA:5,3
DA:27,3
DA:28,26
DA:31,13
DA:32,13
DA:33,8
DA:35,13
DA:43,13
DA:46,13
DA:47,13
DA:50,11
DA:52,2
DA:58,11
DA:59,5
DA:60,5
DA:62,5
DA:63,2
DA:65,3
DA:66,2
DA:69,6
DA:70,6
DA:71,2
DA:73,4
DA:74,2
DA:78,3
DA:83,7
DA:84,1
DA:86,6
DA:87,1
DA:90,5
DA:91,5
DA:92,1
DA:94,4
DA:95,1
DA:97,3
DA:104,12
DA:105,1
DA:109,11
DA:110,11
DA:112,11
DA:113,2
DA:115,9
DA:116,2
DA:118,7
DA:119,2
DA:121,5
DA:126,3
DA:130,2
DA:131,1
DA:135,1
LF:52
LH:52
BRDA:32,0,0,8
BRDA:53,1,0,2
BRDA:53,1,1,0
BRDA:58,2,0,5
BRDA:58,2,1,6
BRDA:60,3,0,5
BRDA:60,3,1,3
BRDA:62,4,0,2
BRDA:65,5,0,2
BRDA:70,6,0,2
BRDA:73,7,0,2
BRDA:83,8,0,1
BRDA:86,9,0,1
BRDA:91,10,0,1
BRDA:94,11,0,1
BRDA:104,12,0,1
BRDA:109,13,0,11
BRDA:109,13,1,3
BRDA:110,14,0,11
BRDA:110,14,1,7
BRDA:112,15,0,2
BRDA:112,16,0,11
BRDA:112,16,1,10
BRDA:115,17,0,2
BRDA:115,18,0,9
BRDA:115,18,1,8
BRDA:118,19,0,2
BRDA:118,20,0,7
BRDA:118,20,1,6
BRDA:121,21,0,3
BRDA:122,22,0,5
BRDA:122,22,1,4
BRDA:122,22,2,3
BRDA:130,23,0,1
BRF:34
BRH:33
end_of_record
TN:
SF:src/auth/strategies/jwt.strategy.ts
FN:18,(anonymous_4)
FN:34,(anonymous_5)
FNF:2
FNH:2
FNDA:4,(anonymous_4)
FNDA:3,(anonymous_5)
DA:1,1
DA:2,1
DA:3,1
DA:4,1
DA:5,1
DA:6,1
DA:7,1
DA:17,1
DA:21,3
DA:23,4
DA:24,4
DA:25,1
DA:27,3
DA:35,3
DA:39,3
DA:40,2
DA:43,1
LF:17
LH:17
BRDA:24,0,0,1
BRDA:39,1,0,2
BRDA:19,2,0,1
BRDA:19,2,1,0
BRDA:19,3,0,1
BRDA:19,3,1,1
BRDA:19,4,0,1
BRDA:19,4,1,0
BRDA:19,5,0,1
BRDA:19,5,1,1
BRF:10
BRH:8
end_of_record
TN:
SF:src/ipfs/ipfs.controller.ts
FN:31,(anonymous_4)
FN:70,(anonymous_5)
FN:96,(anonymous_6)
FNF:3
FNH:3
FNDA:6,(anonymous_4)
FNDA:3,(anonymous_5)
FNDA:3,(anonymous_6)
DA:1,1
DA:11,1
DA:12,1
DA:20,1
DA:21,1
DA:22,1
DA:24,1
DA:30,1
DA:31,6
DA:70,1
DA:78,3
DA:79,3
DA:96,1
DA:97,3
DA:98,3
LF:15
LH:15
BRDA:76,0,0,0
BRDA:76,0,1,1
BRDA:76,1,0,1
BRDA:76,1,1,0
BRDA:76,1,2,0
BRDA:77,2,0,1
BRDA:77,2,1,0
BRDA:77,3,0,1
BRDA:77,3,1,1
BRDA:96,4,0,1
BRDA:96,4,1,0
BRDA:96,5,0,1
BRDA:96,5,1,1
BRDA:96,6,0,1
BRDA:96,6,1,0
BRDA:96,7,0,1
BRDA:96,7,1,1
BRDA:31,8,0,1
BRDA:31,8,1,0
BRDA:31,9,0,1
BRDA:31,9,1,1
BRF:21
BRH:14
end_of_record
TN:
SF:src/ipfs/ipfs.service.ts
FN:22,(anonymous_3)
FN:36,(anonymous_4)
FN:103,(anonymous_5)
FNF:3
FNH:3
FNDA:13,(anonymous_3)
FNDA:9,(anonymous_4)
FNDA:8,(anonymous_5)
DA:1,2
DA:7,2
DA:8,2
DA:9,2
DA:18,2
DA:20,13
DA:22,13
DA:23,13
DA:24,13
DA:25,1
DA:27,12
DA:40,9
DA:41,2
DA:44,7
DA:45,7
DA:50,7
DA:51,1
DA:60,7
DA:67,7
DA:68,7
DA:77,5
DA:78,2
DA:79,2
DA:84,3
DA:85,3
DA:90,4
DA:91,2
DA:93,2
DA:104,8
DA:105,2
DA:108,6
DA:109,6
DA:117,4
DA:119,1
DA:122,3
DA:123,2
DA:124,2
DA:129,4
DA:134,2
DA:136,2
LF:40
LH:40
BRDA:24,0,0,1
BRDA:40,1,0,2
BRDA:40,2,0,9
BRDA:40,2,1,9
BRDA:50,3,0,1
BRDA:77,4,0,2
BRDA:90,5,0,2
BRDA:90,6,0,4
BRDA:90,6,1,4
BRDA:94,7,0,2
BRDA:94,7,1,0
BRDA:104,8,0,2
BRDA:104,9,0,8
BRDA:104,9,1,6
BRDA:117,10,0,1
BRDA:122,11,0,2
BRDA:129,12,0,2
BRDA:130,13,0,4
BRDA:130,13,1,4
BRDA:130,13,2,2
BRDA:137,14,0,2
BRDA:137,14,1,0
BRDA:22,15,0,2
BRDA:22,15,1,0
BRDA:22,16,0,2
BRDA:22,16,1,2
BRF:26
BRH:23
end_of_record
TN:
SF:src/vault/vault.controller.ts
FN:19,(anonymous_4)
FN:40,(anonymous_5)
FN:65,(anonymous_6)
FN:87,(anonymous_7)
FNF:4
FNH:4
FNDA:7,(anonymous_4)
FNDA:2,(anonymous_5)
FNDA:4,(anonymous_6)
FNDA:2,(anonymous_7)
DA:1,1
DA:2,1
DA:3,1
DA:4,1
DA:5,1
DA:6,1
DA:18,1
DA:19,7
DA:40,1
DA:44,2
DA:65,1
DA:66,4
DA:67,4
DA:68,2
DA:70,2
DA:87,1
DA:88,2
LF:17
LH:17
BRDA:67,0,0,2
BRDA:42,1,0,1
BRDA:42,1,1,0
BRDA:42,2,0,1
BRDA:42,2,1,1
BRDA:43,3,0,1
BRDA:43,3,1,0
BRDA:43,4,0,1
BRDA:43,4,1,1
BRDA:65,5,0,1
BRDA:65,5,1,0
BRDA:65,6,0,1
BRDA:65,6,1,1
BRDA:87,7,0,1
BRDA:87,7,1,0
BRDA:87,8,0,1
BRDA:87,8,1,1
BRDA:19,9,0,1
BRDA:19,9,1,0
BRDA:19,10,0,1
BRDA:19,10,1,1
BRF:21
BRH:16
end_of_record
TN:
SF:src/vault/vault.service.ts
FN:16,(anonymous_4)
FN:29,(anonymous_5)
FN:58,(anonymous_6)
FN:73,(anonymous_7)
FN:84,(anonymous_8)
FN:106,(anonymous_9)
FN:115,(anonymous_10)
FN:133,(anonymous_11)
FN:143,(anonymous_12)
FN:150,(anonymous_13)
FNF:10
FNH:10
FNDA:29,(anonymous_4)
FNDA:5,(anonymous_5)
FNDA:4,(anonymous_6)
FNDA:3,(anonymous_7)
FNDA:12,(anonymous_8)
FNDA:5,(anonymous_9)
FNDA:3,(anonymous_10)
FNDA:2,(anonymous_11)
FNDA:1,(anonymous_12)
FNDA:7,(anonymous_13)
DA:1,2
DA:2,2
DA:3,2
DA:4,2
DA:5,2
DA:12,2
DA:15,2
DA:18,29
DA:20,29
DA:31,5
DA:35,5
DA:36,2
DA:40,3
DA:49,3
DA:50,3
DA:59,4
DA:63,4
DA:64,2
DA:67,2
DA:74,3
DA:78,3
DA:85,12
DA:91,12
DA:92,12
DA:94,12
DA:107,5
DA:108,5
DA:116,3
DA:134,2
DA:144,1
DA:151,7
LF:31
LH:31
BRDA:35,0,0,2
BRDA:63,1,0,2
BRDA:78,2,0,2
BRDA:78,2,1,1
BRDA:91,3,0,12
BRDA:91,3,1,2
BRDA:18,4,0,2
BRDA:18,4,1,0
BRDA:18,5,0,2
BRDA:18,5,1,2
BRDA:18,6,0,2
BRDA:18,6,1,0
BRDA:18,7,0,2
BRDA:18,7,1,2
BRF:14
BRH:12
end_of_record
