TN:
SF:src/constants.ts
FNF:0
FNH:0
DA:8,1
DA:11,1
DA:14,1
DA:17,1
DA:20,1
DA:23,1
DA:26,1
DA:29,1
DA:32,1
DA:35,1
LF:10
LH:10
BRF:0
BRH:0
end_of_record
TN:
SF:src/types.ts
FN:52,<instance_members_initializer>
FN:55,CryptoError
FNF:2
FNH:2
FNDA:35,<instance_members_initializer>
FNDA:35,CryptoError
DA:52,1
DA:53,35
DA:55,35
DA:56,35
DA:57,35
DA:58,35
DA:61,35
DA:64,35
DA:65,35
DA:66,35
DA:67,35
DA:68,35
LF:12
LH:12
BRDA:52,0,0,35
BRDA:55,1,0,35
BRF:2
BRH:2
end_of_record
TN:
SF:src/aes/decrypt.ts
FN:23,decryptAesGcm
FNF:1
FNH:1
FNDA:25,decryptAesGcm
DA:8,1
DA:9,1
DA:23,25
DA:24,25
DA:25,25
DA:26,25
DA:27,25
DA:29,25
DA:30,1
DA:31,1
DA:34,25
DA:35,1
DA:36,1
DA:39,25
DA:40,1
DA:41,1
DA:43,22
DA:45,22
DA:46,22
DA:47,22
DA:50,22
DA:51,22
DA:52,22
DA:53,22
DA:54,22
DA:55,22
DA:56,22
DA:59,22
DA:60,22
DA:61,22
DA:62,22
DA:63,22
DA:65,13
DA:66,25
DA:69,9
DA:70,9
DA:71,25
LF:37
LH:37
BRDA:23,0,0,25
BRDA:29,1,0,1
BRDA:31,2,0,24
BRDA:34,3,0,1
BRDA:36,4,0,23
BRDA:39,5,0,1
BRDA:41,6,0,22
BRDA:63,7,0,13
BRDA:66,8,0,9
BRF:9
BRH:9
end_of_record
TN:
SF:src/aes/encrypt.ts
FN:23,encryptAesGcm
FNF:1
FNH:1
FNDA:30,encryptAesGcm
DA:8,1
DA:9,1
DA:23,30
DA:24,30
DA:25,30
DA:26,30
DA:27,30
DA:29,30
DA:30,1
DA:31,1
DA:34,30
DA:35,1
DA:36,1
DA:38,28
DA:40,28
DA:41,28
DA:42,28
DA:45,28
DA:46,28
DA:47,28
DA:48,28
DA:49,28
DA:50,28
DA:51,28
DA:54,28
DA:55,28
DA:56,28
DA:57,28
DA:58,28
DA:60,28
DA:61,30
DA:63,0
DA:64,0
DA:65,30
LF:34
LH:32
BRDA:23,0,0,30
BRDA:29,1,0,1
BRDA:31,2,0,29
BRDA:34,3,0,1
BRDA:36,4,0,28
BRDA:61,5,0,0
BRF:6
BRH:5
end_of_record
TN:
SF:src/aes/seal.ts
FN:35,sealAesGcm
FN:63,unsealAesGcm
FNF:2
FNH:2
FNDA:13,sealAesGcm
FNDA:12,unsealAesGcm
DA:10,1
DA:11,1
DA:12,1
DA:13,1
DA:14,1
DA:15,1
DA:18,1
DA:35,13
DA:37,13
DA:38,1
DA:39,1
DA:42,12
DA:45,12
DA:48,12
DA:49,12
DA:63,12
DA:65,12
DA:66,1
DA:67,1
DA:70,12
DA:71,1
DA:72,1
DA:75,10
DA:78,10
DA:81,10
DA:82,10
LF:26
LH:26
BRDA:35,0,0,13
BRDA:37,1,0,1
BRDA:39,2,0,12
BRDA:63,3,0,12
BRDA:65,4,0,1
BRDA:67,5,0,11
BRDA:70,6,0,1
BRDA:72,7,0,10
BRF:8
BRH:8
end_of_record
TN:
SF:src/ecies/decrypt.ts
FN:23,unwrapKey
FNF:1
FNH:1
FNDA:33,unwrapKey
DA:8,1
DA:9,1
DA:10,1
DA:23,33
DA:24,33
DA:25,33
DA:26,33
DA:28,33
DA:29,1
DA:30,1
DA:33,33
DA:34,1
DA:35,1
DA:37,31
DA:43,31
DA:45,31
DA:46,33
DA:52,9
DA:53,9
DA:54,33
LF:20
LH:20
BRDA:23,0,0,33
BRDA:28,1,0,1
BRDA:30,2,0,32
BRDA:33,3,0,1
BRDA:35,4,0,31
BRDA:46,5,0,9
BRF:6
BRH:6
end_of_record
TN:
SF:src/ecies/encrypt.ts
FN:26,wrapKey
FNF:1
FNH:1
FNDA:50,wrapKey
DA:8,1
DA:9,1
DA:10,1
DA:11,1
DA:26,50
DA:27,50
DA:28,50
DA:29,50
DA:31,50
DA:32,2
DA:33,2
DA:36,50
DA:37,1
DA:38,1
DA:41,47
DA:42,47
DA:43,50
DA:44,2
DA:45,2
DA:47,45
DA:54,45
DA:55,45
DA:56,50
DA:58,0
DA:59,0
DA:60,50
LF:26
LH:24
BRDA:26,0,0,50
BRDA:31,1,0,2
BRDA:33,2,0,48
BRDA:36,3,0,1
BRDA:38,4,0,47
BRDA:43,5,0,2
BRDA:45,6,0,45
BRDA:56,7,0,0
BRF:8
BRH:7
end_of_record
TN:
SF:src/ed25519/keygen.ts
FN:13,__vite_ssr_import_0__.etc.sha512Sync
FN:30,generateEd25519Keypair
FNF:2
FNH:1
FNDA:0,__vite_ssr_import_0__.etc.sha512Sync
FNDA:39,generateEd25519Keypair
DA:8,1
DA:9,1
DA:13,1
DA:30,1
DA:31,39
DA:32,39
DA:34,39
DA:35,39
DA:36,39
DA:37,39
DA:38,39
LF:11
LH:11
BRDA:30,0,0,39
BRF:1
BRH:1
end_of_record
TN:
SF:src/ed25519/sign.ts
FN:18,__vite_ssr_import_0__.etc.sha512Sync
FN:28,signEd25519
FN:53,verifyEd25519
FNF:3
FNH:3
FNDA:39,__vite_ssr_import_0__.etc.sha512Sync
FNDA:22,signEd25519
FNDA:11,verifyEd25519
DA:8,1
DA:9,1
DA:10,1
DA:11,1
DA:18,1
DA:28,22
DA:29,22
DA:30,22
DA:31,22
DA:33,22
DA:34,2
DA:35,2
DA:37,20
DA:38,20
DA:39,20
DA:40,22
DA:41,0
DA:42,0
DA:43,22
DA:53,11
DA:54,11
DA:55,11
DA:56,11
DA:57,11
DA:59,11
DA:60,1
DA:61,1
DA:64,11
DA:65,1
DA:66,1
DA:68,9
DA:69,9
DA:70,11
DA:72,0
DA:73,0
DA:74,11
LF:36
LH:32
BRDA:18,0,0,39
BRDA:28,1,0,22
BRDA:33,2,0,2
BRDA:35,3,0,20
BRDA:40,4,0,0
BRDA:53,5,0,11
BRDA:59,6,0,1
BRDA:61,7,0,10
BRDA:64,8,0,1
BRDA:66,9,0,9
BRDA:70,10,0,0
BRF:11
BRH:9
end_of_record
TN:
SF:src/ipns/sign-record.ts
FN:48,signIpnsData
FNF:1
FNH:1
FNDA:10,signIpnsData
DA:12,1
DA:19,1
DA:20,1
DA:21,1
DA:22,1
DA:23,1
DA:24,1
DA:25,1
DA:26,1
DA:27,1
DA:28,1
DA:29,1
DA:30,1
DA:31,1
DA:32,1
DA:33,1
DA:34,1
DA:35,1
DA:48,10
DA:49,10
DA:50,10
DA:51,10
DA:53,10
DA:54,10
DA:55,10
DA:58,10
DA:59,10
LF:27
LH:27
BRDA:48,0,0,10
BRF:1
BRH:1
end_of_record
TN:
SF:src/keys/derive.ts
FN:42,deriveKey
FNF:1
FNH:1
FNDA:22,deriveKey
DA:8,1
DA:9,1
DA:42,22
DA:43,22
DA:45,22
DA:48,22
DA:49,22
DA:50,22
DA:53,22
DA:54,22
DA:55,22
DA:56,22
DA:57,22
DA:58,22
DA:59,22
DA:62,22
DA:63,22
DA:64,22
DA:65,22
DA:66,22
DA:67,22
DA:68,22
DA:69,22
DA:70,22
DA:71,22
DA:73,22
DA:74,22
DA:76,0
DA:77,0
DA:78,22
LF:30
LH:28
BRDA:42,0,0,22
BRDA:74,1,0,0
BRF:2
BRH:1
end_of_record
TN:
SF:src/keys/hierarchy.ts
FN:33,deriveContextKey
FN:55,generateFolderKey
FNF:2
FNH:2
FNDA:7,deriveContextKey
FNDA:5,generateFolderKey
DA:12,1
DA:13,1
DA:16,1
DA:33,7
DA:34,7
DA:35,7
DA:36,7
DA:37,7
DA:39,7
DA:40,7
DA:41,7
DA:42,7
DA:43,7
DA:44,7
DA:45,7
DA:55,5
DA:56,5
DA:57,5
DA:69,1
LF:19
LH:19
BRDA:33,0,0,7
BRDA:55,1,0,5
BRF:2
BRH:2
end_of_record
TN:
SF:src/utils/encoding.ts
FN:14,hexToBytes
FN:39,bytesToHex
FN:51,concatBytes
FNF:3
FNH:1
FNDA:0,hexToBytes
FNDA:0,bytesToHex
FNDA:12,concatBytes
DA:14,1
DA:15,0
DA:17,0
DA:18,0
DA:19,0
DA:21,0
DA:22,0
DA:23,0
DA:24,0
DA:25,0
DA:26,0
DA:27,0
DA:28,0
DA:30,0
DA:31,0
DA:39,1
DA:40,0
DA:41,0
DA:42,0
DA:43,0
DA:51,1
DA:52,12
DA:53,12
DA:55,12
DA:56,12
DA:57,24
DA:58,24
DA:59,24
DA:61,12
DA:62,12
LF:30
LH:12
BRDA:51,0,0,12
BRDA:56,1,0,24
BRDA:52,2,0,24
BRF:3
BRH:3
end_of_record
TN:
SF:src/utils/memory.ts
FN:21,clearBytes
FN:32,clearAll
FNF:2
FNH:0
FNDA:0,clearBytes
FNDA:0,clearAll
DA:21,1
DA:22,0
DA:23,0
DA:24,0
DA:25,0
DA:32,1
DA:33,0
DA:34,0
DA:35,0
DA:36,0
LF:10
LH:2
BRF:0
BRH:0
end_of_record
TN:
SF:src/utils/random.ts
FN:17,generateRandomBytes
FN:37,generateFileKey
FN:49,generateIv
FNF:3
FNH:3
FNDA:119,generateRandomBytes
FNDA:72,generateFileKey
FNDA:30,generateIv
DA:7,1
DA:8,1
DA:17,1
DA:18,119
DA:19,0
DA:20,0
DA:21,0
DA:22,0
DA:23,0
DA:25,119
DA:26,119
DA:27,119
DA:28,119
DA:37,1
DA:38,72
DA:39,72
DA:49,1
DA:50,30
DA:51,30
LF:19
LH:14
BRDA:17,0,0,119
BRDA:18,1,0,0
BRDA:37,2,0,72
BRDA:49,3,0,30
BRF:4
BRH:3
end_of_record
TN:
SF:src/vault/init.ts
FN:34,initializeVault
FN:63,encryptVaultKeys
FN:98,decryptVaultKeys
FNF:3
FNH:3
FNDA:17,initializeVault
FNDA:14,encryptVaultKeys
FNDA:10,decryptVaultKeys
DA:14,1
DA:15,1
DA:16,1
DA:34,17
DA:36,17
DA:39,17
DA:41,17
DA:42,17
DA:43,17
DA:44,17
DA:45,17
DA:63,14
DA:64,14
DA:65,14
DA:66,14
DA:68,14
DA:71,14
DA:73,14
DA:74,14
DA:75,14
DA:77,14
DA:78,14
DA:79,14
DA:98,10
DA:99,10
DA:100,10
DA:101,10
DA:103,10
DA:106,7
DA:109,6
DA:110,6
DA:111,6
DA:112,6
DA:114,6
DA:115,6
DA:116,6
DA:117,6
DA:118,6
LF:38
LH:38
BRDA:34,0,0,17
BRDA:63,1,0,14
BRDA:98,2,0,10
BRDA:103,3,0,7
BRDA:106,4,0,6
BRF:5
BRH:5
end_of_record
TN:
SF:src/vault/types.ts
FN:1,(empty-report)
FNF:1
FNH:1
FNDA:1,(empty-report)
LF:0
LH:0
BRDA:1,0,0,1
BRF:1
BRH:1
end_of_record
